This is pdfTeX, Version 3.141592653-2.6-1.40.27 (TeX Live 2025) (preloaded format=pdflatex 2025.3.8)  13 OCT 2025 08:51
entering extended mode
 restricted \write18 enabled.
 file:line:error style messages enabled.
 %&-line parsing enabled.
**simulation.tex
(./simulation.tex
LaTeX2e <2024-11-01> patch level 2
L3 programming layer <2025-01-18>
(/usr/local/texlive/2025/texmf-dist/tex/latex/base/article.cls
Document Class: article 2024/06/29 v1.4n Standard LaTeX document class
(/usr/local/texlive/2025/texmf-dist/tex/latex/base/size10.clo
File: size10.clo 2024/06/29 v1.4n Standard LaTeX file (size option)
)
\c@part=\count196
\c@section=\count197
\c@subsection=\count198
\c@subsubsection=\count199
\c@paragraph=\count266
\c@subparagraph=\count267
\c@figure=\count268
\c@table=\count269
\abovecaptionskip=\skip49
\belowcaptionskip=\skip50
\bibindent=\dimen141
)
(/usr/local/texlive/2025/texmf-dist/tex/latex/amsmath/amsmath.sty
Package: amsmath 2024/11/05 v2.17t AMS math features
\@mathmargin=\skip51

For additional information on amsmath, use the `?' option.
(/usr/local/texlive/2025/texmf-dist/tex/latex/amsmath/amstext.sty
Package: amstext 2021/08/26 v2.01 AMS text

(/usr/local/texlive/2025/texmf-dist/tex/latex/amsmath/amsgen.sty
File: amsgen.sty 1999/11/30 v2.0 generic functions
\@emptytoks=\toks17
\ex@=\dimen142
))
(/usr/local/texlive/2025/texmf-dist/tex/latex/amsmath/amsbsy.sty
Package: amsbsy 1999/11/29 v1.2d Bold Symbols
\pmbraise@=\dimen143
)
(/usr/local/texlive/2025/texmf-dist/tex/latex/amsmath/amsopn.sty
Package: amsopn 2022/04/08 v2.04 operator names
)
\inf@bad=\count270
LaTeX Info: Redefining \frac on input line 233.
\uproot@=\count271
\leftroot@=\count272
LaTeX Info: Redefining \overline on input line 398.
LaTeX Info: Redefining \colon on input line 409.
\classnum@=\count273
\DOTSCASE@=\count274
LaTeX Info: Redefining \ldots on input line 495.
LaTeX Info: Redefining \dots on input line 498.
LaTeX Info: Redefining \cdots on input line 619.
\Mathstrutbox@=\box52
\strutbox@=\box53
LaTeX Info: Redefining \big on input line 721.
LaTeX Info: Redefining \Big on input line 722.
LaTeX Info: Redefining \bigg on input line 723.
LaTeX Info: Redefining \Bigg on input line 724.
\big@size=\dimen144
LaTeX Font Info:    Redeclaring font encoding OML on input line 742.
LaTeX Font Info:    Redeclaring font encoding OMS on input line 743.
\macc@depth=\count275
LaTeX Info: Redefining \bmod on input line 904.
LaTeX Info: Redefining \pmod on input line 909.
LaTeX Info: Redefining \smash on input line 939.
LaTeX Info: Redefining \relbar on input line 969.
LaTeX Info: Redefining \Relbar on input line 970.
\c@MaxMatrixCols=\count276
\dotsspace@=\muskip17
\c@parentequation=\count277
\dspbrk@lvl=\count278
\tag@help=\toks18
\row@=\count279
\column@=\count280
\maxfields@=\count281
\andhelp@=\toks19
\eqnshift@=\dimen145
\alignsep@=\dimen146
\tagshift@=\dimen147
\tagwidth@=\dimen148
\totwidth@=\dimen149
\lineht@=\dimen150
\@envbody=\toks20
\multlinegap=\skip52
\multlinetaggap=\skip53
\mathdisplay@stack=\toks21
LaTeX Info: Redefining \[ on input line 2953.
LaTeX Info: Redefining \] on input line 2954.
)
(/usr/local/texlive/2025/texmf-dist/tex/latex/amscls/amsthm.sty
Package: amsthm 2020/05/29 v2.20.6
\thm@style=\toks22
\thm@bodyfont=\toks23
\thm@headfont=\toks24
\thm@notefont=\toks25
\thm@headpunct=\toks26
\thm@preskip=\skip54
\thm@postskip=\skip55
\thm@headsep=\skip56
\dth@everypar=\toks27
)
(/usr/local/texlive/2025/texmf-dist/tex/latex/amsfonts/amssymb.sty
Package: amssymb 2013/01/14 v3.01 AMS font symbols

(/usr/local/texlive/2025/texmf-dist/tex/latex/amsfonts/amsfonts.sty
Package: amsfonts 2013/01/14 v3.01 Basic AMSFonts support
\symAMSa=\mathgroup4
\symAMSb=\mathgroup5
LaTeX Font Info:    Redeclaring math symbol \hbar on input line 98.
LaTeX Font Info:    Overwriting math alphabet `\mathfrak' in version `bold'
(Font)                  U/euf/m/n --> U/euf/b/n on input line 106.
))
(/usr/local/texlive/2025/texmf-dist/tex/latex/graphics/graphicx.sty
Package: graphicx 2021/09/16 v1.2d Enhanced LaTeX Graphics (DPC,SPQR)

(/usr/local/texlive/2025/texmf-dist/tex/latex/graphics/keyval.sty
Package: keyval 2022/05/29 v1.15 key=value parser (DPC)
\KV@toks@=\toks28
)
(/usr/local/texlive/2025/texmf-dist/tex/latex/graphics/graphics.sty
Package: graphics 2024/08/06 v1.4g Standard LaTeX Graphics (DPC,SPQR)

(/usr/local/texlive/2025/texmf-dist/tex/latex/graphics/trig.sty
Package: trig 2023/12/02 v1.11 sin cos tan (DPC)
)
(/usr/local/texlive/2025/texmf-dist/tex/latex/graphics-cfg/graphics.cfg
File: graphics.cfg 2016/06/04 v1.11 sample graphics configuration
)
Package graphics Info: Driver file: pdftex.def on input line 106.

(/usr/local/texlive/2025/texmf-dist/tex/latex/graphics-def/pdftex.def
File: pdftex.def 2024/04/13 v1.2c Graphics/color driver for pdftex
))
\Gin@req@height=\dimen151
\Gin@req@width=\dimen152
)
(/usr/local/texlive/2025/texmf-dist/tex/latex/float/float.sty
Package: float 2001/11/08 v1.3d Float enhancements (AL)
\c@float@type=\count282
\float@exts=\toks29
\float@box=\box54
\@float@everytoks=\toks30
\@floatcapt=\box55
)
(/usr/local/texlive/2025/texmf-dist/tex/latex/listings/listings.sty
\lst@mode=\count283
\lst@gtempboxa=\box56
\lst@token=\toks31
\lst@length=\count284
\lst@currlwidth=\dimen153
\lst@column=\count285
\lst@pos=\count286
\lst@lostspace=\dimen154
\lst@width=\dimen155
\lst@newlines=\count287
\lst@lineno=\count288
\lst@maxwidth=\dimen156

(/usr/local/texlive/2025/texmf-dist/tex/latex/listings/lstpatch.sty
File: lstpatch.sty 2024/09/23 1.10c (Carsten Heinz)
)
(/usr/local/texlive/2025/texmf-dist/tex/latex/listings/lstmisc.sty
File: lstmisc.sty 2024/09/23 1.10c (Carsten Heinz)
\c@lstnumber=\count289
\lst@skipnumbers=\count290
\lst@framebox=\box57
)
(/usr/local/texlive/2025/texmf-dist/tex/latex/listings/listings.cfg
File: listings.cfg 2024/09/23 1.10c listings configuration
))
Package: listings 2024/09/23 1.10c (Carsten Heinz)

(/usr/local/texlive/2025/texmf-dist/tex/latex/caption/caption.sty
Package: caption 2023/08/05 v3.6o Customizing captions (AR)

(/usr/local/texlive/2025/texmf-dist/tex/latex/caption/caption3.sty
Package: caption3 2023/07/31 v2.4d caption3 kernel (AR)
\caption@tempdima=\dimen157
\captionmargin=\dimen158
\caption@leftmargin=\dimen159
\caption@rightmargin=\dimen160
\caption@width=\dimen161
\caption@indent=\dimen162
\caption@parindent=\dimen163
\caption@hangindent=\dimen164
Package caption Info: Standard document class detected.
)
\c@caption@flags=\count291
\c@continuedfloat=\count292
Package caption Info: float package is loaded.
Package caption Info: listings package is loaded.
)
(/usr/local/texlive/2025/texmf-dist/tex/latex/caption/subcaption.sty
Package: subcaption 2023/07/28 v1.6b Sub-captions (AR)
Package caption Info: New subtype `subfigure' on input line 238.
\c@subfigure=\count293
Package caption Info: New subtype `subtable' on input line 238.
\c@subtable=\count294
)
(/usr/local/texlive/2025/texmf-dist/tex/latex/natbib/natbib.sty
Package: natbib 2010/09/13 8.31b (PWD, AO)
\bibhang=\skip57
\bibsep=\skip58
LaTeX Info: Redefining \cite on input line 694.
\c@NAT@ctr=\count295
)
LaTeX Font Info:    Trying to load font information for T1+txtt on input line 2
9.

(/usr/local/texlive/2025/texmf-dist/tex/latex/txfonts/t1txtt.fd
File: t1txtt.fd 2000/12/15 v3.1
)
(/usr/local/texlive/2025/texmf-dist/tex/latex/graphics/color.sty
Package: color 2024/06/23 v1.3e Standard LaTeX Color (DPC)

(/usr/local/texlive/2025/texmf-dist/tex/latex/graphics-cfg/color.cfg
File: color.cfg 2016/01/02 v1.6 sample color configuration
)
Package color Info: Driver file: pdftex.def on input line 149.

(/usr/local/texlive/2025/texmf-dist/tex/latex/graphics/mathcolor.ltx))
(/usr/local/texlive/2025/texmf-dist/tex/latex/l3backend/l3backend-pdftex.def
File: l3backend-pdftex.def 2024-05-08 L3 backend support: PDF output (pdfTeX)
\l__color_backend_stack_int=\count296
\l__pdf_internal_box=\box58
)
(./simulation.aux)
\openout1 = `simulation.aux'.

LaTeX Font Info:    Checking defaults for OML/cmm/m/it on input line 79.
LaTeX Font Info:    ... okay on input line 79.
LaTeX Font Info:    Checking defaults for OMS/cmsy/m/n on input line 79.
LaTeX Font Info:    ... okay on input line 79.
LaTeX Font Info:    Checking defaults for OT1/cmr/m/n on input line 79.
LaTeX Font Info:    ... okay on input line 79.
LaTeX Font Info:    Checking defaults for T1/cmr/m/n on input line 79.
LaTeX Font Info:    ... okay on input line 79.
LaTeX Font Info:    Checking defaults for TS1/cmr/m/n on input line 79.
LaTeX Font Info:    ... okay on input line 79.
LaTeX Font Info:    Checking defaults for OMX/cmex/m/n on input line 79.
LaTeX Font Info:    ... okay on input line 79.
LaTeX Font Info:    Checking defaults for U/cmr/m/n on input line 79.
LaTeX Font Info:    ... okay on input line 79.

(/usr/local/texlive/2025/texmf-dist/tex/context/base/mkii/supp-pdf.mkii
[Loading MPS to PDF converter (version 2006.09.02).]
\scratchcounter=\count297
\scratchdimen=\dimen165
\scratchbox=\box59
\nofMPsegments=\count298
\nofMParguments=\count299
\everyMPshowfont=\toks32
\MPscratchCnt=\count300
\MPscratchDim=\dimen166
\MPnumerator=\count301
\makeMPintoPDFobject=\count302
\everyMPtoPDFconversion=\toks33
) (/usr/local/texlive/2025/texmf-dist/tex/latex/epstopdf-pkg/epstopdf-base.sty
Package: epstopdf-base 2020-01-24 v2.11 Base part for package epstopdf
Package epstopdf-base Info: Redefining graphics rule for `.eps' on input line 4
85.

(/usr/local/texlive/2025/texmf-dist/tex/latex/latexconfig/epstopdf-sys.cfg
File: epstopdf-sys.cfg 2010/07/13 v1.3 Configuration of (r)epstopdf for TeX Liv
e
))
\c@lstlisting=\count303
Package caption Info: Begin \AtBeginDocument code.
Package caption Info: End \AtBeginDocument code.
LaTeX Font Info:    Trying to load font information for U+msa on input line 80.


(/usr/local/texlive/2025/texmf-dist/tex/latex/amsfonts/umsa.fd
File: umsa.fd 2013/01/14 v3.01 AMS symbols A
)
LaTeX Font Info:    Trying to load font information for U+msb on input line 80.


(/usr/local/texlive/2025/texmf-dist/tex/latex/amsfonts/umsb.fd
File: umsb.fd 2013/01/14 v3.01 AMS symbols B
)

[1

{/usr/local/texlive/2025/texmf-var/fonts/map/pdftex/updmap/pdftex.map}]
<figures/graph3d.jpg, id=13, 1124.2pt x 843.15pt>
File: figures/graph3d.jpg Graphic file (type jpg)
<use figures/graph3d.jpg>
Package pdftex.def Info: figures/graph3d.jpg  used on input line 118.
(pdftex.def)             Requested size: 328.82706pt x 246.61716pt.
<figures/graph2.jpg, id=14, 1124.2pt x 843.15pt>
File: figures/graph2.jpg Graphic file (type jpg)
<use figures/graph2.jpg>
Package pdftex.def Info: figures/graph2.jpg  used on input line 126.
(pdftex.def)             Requested size: 225.48038pt x 169.10303pt.
<figures/graph3.jpg, id=15, 1124.2pt x 843.15pt>
File: figures/graph3.jpg Graphic file (type jpg)
<use figures/graph3.jpg>
Package pdftex.def Info: figures/graph3.jpg  used on input line 131.
(pdftex.def)             Requested size: 225.48038pt x 169.10303pt.


[2 <./figures/graph3d.jpg>]

[3 <./figures/graph2.jpg> <./figures/graph3.jpg>]

Package natbib Warning: Citation `mpc' on page 4 undefined on input line 268.



[4]

[5] (/usr/local/texlive/2025/texmf-dist/tex/latex/listings/lstlang1.sty
File: lstlang1.sty 2024/09/23 1.10c listings language file
)
LaTeX Font Info:    Trying to load font information for OMS+cmr on input line 3
28.

(/usr/local/texlive/2025/texmf-dist/tex/latex/base/omscmr.fd
File: omscmr.fd 2024/11/19 v2.5n Standard LaTeX font definitions
)
LaTeX Font Info:    Font shape `OMS/cmr/m/n' in size <10> not available
(Font)              Font shape `OMS/cmsy/m/n' tried instead on input line 328.


[6{/usr/local/texlive/2025/texmf-dist/fonts/enc/dvips/cm-super/cm-super-ts1.enc
}]

Package natbib Warning: Citation `dompc-oc' on page 7 undefined on input line 3
91.



[7]

[8]
<figures/Accuracy.pdf, id=49, 386.32266pt x 315.37216pt>
File: figures/Accuracy.pdf Graphic file (type pdf)
<use figures/Accuracy.pdf>
Package pdftex.def Info: figures/Accuracy.pdf  used on input line 469.
(pdftex.def)             Requested size: 211.3883pt x 172.56496pt.
<figures/CPU.pdf, id=50, 386.32266pt x 315.37216pt>
File: figures/CPU.pdf Graphic file (type pdf)
<use figures/CPU.pdf>
Package pdftex.def Info: figures/CPU.pdf  used on input line 476.
(pdftex.def)             Requested size: 211.3883pt x 172.56496pt.


[9]

Package natbib Warning: Citation `chebyshevPS' on page 10 undefined on input li
ne 485.



[10 <./figures/Accuracy.pdf> <./figures/CPU.pdf>]

[11]
<figures/state45dz3.pdf, id=121, 402.01443pt x 493.90587pt>
File: figures/state45dz3.pdf Graphic file (type pdf)
<use figures/state45dz3.pdf>
Package pdftex.def Info: figures/state45dz3.pdf  used on input line 600.
(pdftex.def)             Requested size: 140.92792pt x 173.14095pt.
<figures/state45dz1.pdf, id=122, 402.01443pt x 493.90587pt>
File: figures/state45dz1.pdf Graphic file (type pdf)
<use figures/state45dz1.pdf>
Package pdftex.def Info: figures/state45dz1.pdf  used on input line 605.
(pdftex.def)             Requested size: 140.92792pt x 173.14095pt.
<figures/state45dz2.pdf, id=123, 402.01443pt x 493.90587pt>
File: figures/state45dz2.pdf Graphic file (type pdf)
<use figures/state45dz2.pdf>
Package pdftex.def Info: figures/state45dz2.pdf  used on input line 610.
(pdftex.def)             Requested size: 140.92792pt x 173.14095pt.
<figures/control45dz6.pdf, id=124, 402.01443pt x 382.61006pt>
File: figures/control45dz6.pdf Graphic file (type pdf)
<use figures/control45dz6.pdf>
Package pdftex.def Info: figures/control45dz6.pdf  used on input line 621.
(pdftex.def)             Requested size: 140.92792pt x 134.12569pt.
<figures/control45dz4.pdf, id=125, 402.01443pt x 382.61006pt>
File: figures/control45dz4.pdf Graphic file (type pdf)
<use figures/control45dz4.pdf>
Package pdftex.def Info: figures/control45dz4.pdf  used on input line 626.
(pdftex.def)             Requested size: 140.92792pt x 134.12569pt.
<figures/control45dz5.pdf, id=126, 402.01443pt x 382.61006pt>
File: figures/control45dz5.pdf Graphic file (type pdf)
<use figures/control45dz5.pdf>
Package pdftex.def Info: figures/control45dz5.pdf  used on input line 631.
(pdftex.def)             Requested size: 140.92792pt x 134.12569pt.


[12 <./figures/state45dz3.pdf> <./figures/state45dz1.pdf> <./figures/state45dz2
.pdf>]
<figures/time45dz.pdf, id=223, 393.60803pt x 198.1321pt>
File: figures/time45dz.pdf Graphic file (type pdf)
<use figures/time45dz.pdf>
Package pdftex.def Info: figures/time45dz.pdf  used on input line 641.
(pdftex.def)             Requested size: 469.75499pt x 236.46939pt.
<figures/statex1z1vx3.pdf, id=224, 395.63121pt x 490.09476pt>
File: figures/statex1z1vx3.pdf Graphic file (type pdf)
<use figures/statex1z1vx3.pdf>
Package pdftex.def Info: figures/statex1z1vx3.pdf  used on input line 651.
(pdftex.def)             Requested size: 140.92792pt x 174.57188pt.
<figures/statex1z1vx1.pdf, id=225, 395.63121pt x 490.09476pt>
File: figures/statex1z1vx1.pdf Graphic file (type pdf)
<use figures/statex1z1vx1.pdf>
Package pdftex.def Info: figures/statex1z1vx1.pdf  used on input line 656.
(pdftex.def)             Requested size: 140.92792pt x 174.57188pt.
<figures/statex1z1vx2.pdf, id=226, 395.63121pt x 490.09476pt>
File: figures/statex1z1vx2.pdf Graphic file (type pdf)
<use figures/statex1z1vx2.pdf>
Package pdftex.def Info: figures/statex1z1vx2.pdf  used on input line 661.
(pdftex.def)             Requested size: 140.92792pt x 174.57188pt.


[13 <./figures/control45dz6.pdf> <./figures/control45dz4.pdf> <./figures/contro
l45dz5.pdf> <./figures/time45dz.pdf>]
<figures/controlx1z1vx6.pdf, id=356, 395.63121pt x 382.61006pt>
File: figures/controlx1z1vx6.pdf Graphic file (type pdf)
<use figures/controlx1z1vx6.pdf>
Package pdftex.def Info: figures/controlx1z1vx6.pdf  used on input line 672.
(pdftex.def)             Requested size: 140.92792pt x 136.28581pt.
<figures/controlx1z1vx4.pdf, id=357, 395.63121pt x 382.61006pt>
File: figures/controlx1z1vx4.pdf Graphic file (type pdf)
<use figures/controlx1z1vx4.pdf>
Package pdftex.def Info: figures/controlx1z1vx4.pdf  used on input line 677.
(pdftex.def)             Requested size: 140.92792pt x 136.28581pt.
<figures/controlx1z1vx5.pdf, id=358, 395.63121pt x 382.61006pt>
File: figures/controlx1z1vx5.pdf Graphic file (type pdf)
<use figures/controlx1z1vx5.pdf>
Package pdftex.def Info: figures/controlx1z1vx5.pdf  used on input line 682.
(pdftex.def)             Requested size: 140.92792pt x 136.28581pt.
File: figures/time45dz.pdf Graphic file (type pdf)
<use figures/time45dz.pdf>
Package pdftex.def Info: figures/time45dz.pdf  used on input line 692.
(pdftex.def)             Requested size: 469.75499pt x 236.46939pt.


[14 <./figures/statex1z1vx3.pdf> <./figures/statex1z1vx1.pdf> <./figures/statex
1z1vx2.pdf> <./figures/controlx1z1vx6.pdf> <./figures/controlx1z1vx4.pdf> <./fi
gures/controlx1z1vx5.pdf>]
<figures/statey115dx3.pdf, id=543, 387.22481pt x 490.09476pt>
File: figures/statey115dx3.pdf Graphic file (type pdf)
<use figures/statey115dx3.pdf>
Package pdftex.def Info: figures/statey115dx3.pdf  used on input line 701.
(pdftex.def)             Requested size: 140.92792pt x 178.36336pt.
<figures/statey115dx1.pdf, id=544, 387.22481pt x 490.09476pt>
File: figures/statey115dx1.pdf Graphic file (type pdf)
<use figures/statey115dx1.pdf>
Package pdftex.def Info: figures/statey115dx1.pdf  used on input line 706.
(pdftex.def)             Requested size: 140.92792pt x 178.36336pt.
<figures/statey115dx2.pdf, id=545, 387.22481pt x 490.09476pt>
File: figures/statey115dx2.pdf Graphic file (type pdf)
<use figures/statey115dx2.pdf>
Package pdftex.def Info: figures/statey115dx2.pdf  used on input line 711.
(pdftex.def)             Requested size: 140.92792pt x 178.36336pt.
<figures/controly115dx6.pdf, id=546, 395.63121pt x 378.79895pt>
File: figures/controly115dx6.pdf Graphic file (type pdf)
<use figures/controly115dx6.pdf>
Package pdftex.def Info: figures/controly115dx6.pdf  used on input line 722.
(pdftex.def)             Requested size: 140.92792pt x 134.92828pt.
<figures/controly115dx4.pdf, id=547, 395.63121pt x 378.79895pt>
File: figures/controly115dx4.pdf Graphic file (type pdf)
<use figures/controly115dx4.pdf>
Package pdftex.def Info: figures/controly115dx4.pdf  used on input line 727.
(pdftex.def)             Requested size: 140.92792pt x 134.92828pt.
<figures/controly115dx5.pdf, id=548, 395.63121pt x 378.79895pt>
File: figures/controly115dx5.pdf Graphic file (type pdf)
<use figures/controly115dx5.pdf>
Package pdftex.def Info: figures/controly115dx5.pdf  used on input line 732.
(pdftex.def)             Requested size: 140.92792pt x 134.92828pt.


[15 <./figures/statey115dx3.pdf> <./figures/statey115dx1.pdf> <./figures/statey
115dx2.pdf>]
<figures/timey115dx.pdf, id=642, 393.60803pt x 198.1321pt>
File: figures/timey115dx.pdf Graphic file (type pdf)
<use figures/timey115dx.pdf>
Package pdftex.def Info: figures/timey115dx.pdf  used on input line 742.
(pdftex.def)             Requested size: 469.75499pt x 236.46939pt.
<figures/statehover3.pdf, id=643, 402.01443pt x 493.90587pt>
File: figures/statehover3.pdf Graphic file (type pdf)
<use figures/statehover3.pdf>
Package pdftex.def Info: figures/statehover3.pdf  used on input line 754.
(pdftex.def)             Requested size: 140.92792pt x 173.14095pt.
<figures/statehover1.pdf, id=644, 402.01443pt x 493.90587pt>
File: figures/statehover1.pdf Graphic file (type pdf)
<use figures/statehover1.pdf>
Package pdftex.def Info: figures/statehover1.pdf  used on input line 759.
(pdftex.def)             Requested size: 140.92792pt x 173.14095pt.
<figures/statehover2.pdf, id=645, 402.01443pt x 493.90587pt>
File: figures/statehover2.pdf Graphic file (type pdf)
<use figures/statehover2.pdf>
Package pdftex.def Info: figures/statehover2.pdf  used on input line 764.
(pdftex.def)             Requested size: 140.92792pt x 173.14095pt.


[16 <./figures/controly115dx6.pdf> <./figures/controly115dx4.pdf> <./figures/co
ntroly115dx5.pdf> <./figures/timey115dx.pdf>]
<figures/controlhover6.pdf, id=767, 402.01443pt x 382.61006pt>
File: figures/controlhover6.pdf Graphic file (type pdf)
<use figures/controlhover6.pdf>
Package pdftex.def Info: figures/controlhover6.pdf  used on input line 775.
(pdftex.def)             Requested size: 140.92792pt x 134.12569pt.
<figures/controlhover4.pdf, id=768, 402.01443pt x 382.61006pt>
File: figures/controlhover4.pdf Graphic file (type pdf)
<use figures/controlhover4.pdf>
Package pdftex.def Info: figures/controlhover4.pdf  used on input line 780.
(pdftex.def)             Requested size: 140.92792pt x 134.12569pt.
<figures/controlhover5.pdf, id=769, 402.01443pt x 382.61006pt>
File: figures/controlhover5.pdf Graphic file (type pdf)
<use figures/controlhover5.pdf>
Package pdftex.def Info: figures/controlhover5.pdf  used on input line 785.
(pdftex.def)             Requested size: 140.92792pt x 134.12569pt.
<figures/timehover.pdf, id=770, 393.60803pt x 198.1321pt>
File: figures/timehover.pdf Graphic file (type pdf)
<use figures/timehover.pdf>
Package pdftex.def Info: figures/timehover.pdf  used on input line 795.
(pdftex.def)             Requested size: 469.75499pt x 236.46939pt.


[17 <./figures/statehover3.pdf> <./figures/statehover1.pdf> <./figures/statehov
er2.pdf> <./figures/controlhover6.pdf> <./figures/controlhover4.pdf> <./figures
/controlhover5.pdf>]

[18 <./figures/timehover.pdf>] (./simulation.bbl
Underfull \hbox (badness 4927) in paragraph at lines 59--63
[]\OT1/cmr/m/n/10 HSL.  A col-lec-tion of for-tran codes for large scale sci-en
-tific com-pu-ta-tion., 2013.  URL
 []

)

Package natbib Warning: There were undefined citations.



[19] (./simulation.aux)
 ***********
LaTeX2e <2024-11-01> patch level 2
L3 programming layer <2025-01-18>
 ***********
 ) 
Here is how much of TeX's memory you used:
 6767 strings out of 473190
 106685 string characters out of 5715801
 683999 words of memory out of 5000000
 29961 multiletter control sequences out of 15000+600000
 568505 words of font info for 73 fonts, out of 8000000 for 9000
 1141 hyphenation exceptions out of 8191
 57i,14n,65p,1296b,1482s stack positions out of 10000i,1000n,20000p,200000b,200000s
</usr/local/texlive/2025/texmf-dist/fonts/type1/public/amsfonts/cm/cmbx10.pfb
></usr/local/texlive/2025/texmf-dist/fonts/type1/public/amsfonts/cm/cmbx12.pfb>
</usr/local/texlive/2025/texmf-dist/fonts/type1/public/amsfonts/cm/cmex10.pfb><
/usr/local/texlive/2025/texmf-dist/fonts/type1/public/amsfonts/cm/cmmi10.pfb></
usr/local/texlive/2025/texmf-dist/fonts/type1/public/amsfonts/cm/cmmi5.pfb></us
r/local/texlive/2025/texmf-dist/fonts/type1/public/amsfonts/cm/cmmi7.pfb></usr/
local/texlive/2025/texmf-dist/fonts/type1/public/amsfonts/cm/cmr10.pfb></usr/lo
cal/texlive/2025/texmf-dist/fonts/type1/public/amsfonts/cm/cmr12.pfb></usr/loca
l/texlive/2025/texmf-dist/fonts/type1/public/amsfonts/cm/cmr17.pfb></usr/local/
texlive/2025/texmf-dist/fonts/type1/public/amsfonts/cm/cmr5.pfb></usr/local/tex
live/2025/texmf-dist/fonts/type1/public/amsfonts/cm/cmr7.pfb></usr/local/texliv
e/2025/texmf-dist/fonts/type1/public/amsfonts/cm/cmr9.pfb></usr/local/texlive/2
025/texmf-dist/fonts/type1/public/amsfonts/cm/cmsy10.pfb></usr/local/texlive/20
25/texmf-dist/fonts/type1/public/amsfonts/cm/cmsy5.pfb></usr/local/texlive/2025
/texmf-dist/fonts/type1/public/amsfonts/cm/cmsy7.pfb></usr/local/texlive/2025/t
exmf-dist/fonts/type1/public/amsfonts/cm/cmti10.pfb></usr/local/texlive/2025/te
xmf-dist/fonts/type1/public/amsfonts/cm/cmtt10.pfb></usr/local/texlive/2025/tex
mf-dist/fonts/type1/public/amsfonts/symbols/msbm7.pfb></usr/local/texlive/2025/
texmf-dist/fonts/type1/public/cm-super/sfrm1000.pfb></usr/local/texlive/2025/te
xmf-dist/fonts/type1/public/txfonts/t1xtt.pfb>
Output written on simulation.pdf (19 pages, 738330 bytes).
PDF statistics:
 1081 PDF objects out of 1200 (max. 8388607)
 349 compressed objects within 4 object streams
 0 named destinations out of 1000 (max. 500000)
 161 words of extra memory for PDF output out of 10000 (max. 10000000)

